Determining if the pthread_create exist failed with the following output:
Change Dir: /home/aryanap/moveit_ws/build/moveit_robot_arm_sim/CMakeFiles/CMakeTmp

Run Build Command:"/usr/bin/make" "cmTC_132d1/fast"
/usr/bin/make -f CMakeFiles/cmTC_132d1.dir/build.make CMakeFiles/cmTC_132d1.dir/build
make[1]: Entering directory '/home/aryanap/moveit_ws/build/moveit_robot_arm_sim/CMakeFiles/CMakeTmp'
Building C object CMakeFiles/cmTC_132d1.dir/CheckSymbolExists.c.o
/usr/bin/cc    -o CMakeFiles/cmTC_132d1.dir/CheckSymbolExists.c.o   -c /home/aryanap/moveit_ws/build/moveit_robot_arm_sim/CMakeFiles/CMakeTmp/CheckSymbolExists.c
Linking C executable cmTC_132d1
/usr/bin/cmake -E cmake_link_script CMakeFiles/cmTC_132d1.dir/link.txt --verbose=1
/usr/bin/cc      -rdynamic CMakeFiles/cmTC_132d1.dir/CheckSymbolExists.c.o  -o cmTC_132d1 
CMakeFiles/cmTC_132d1.dir/CheckSymbolExists.c.o: In function `main':
CheckSymbolExists.c:(.text+0x1b): undefined reference to `pthread_create'
collect2: error: ld returned 1 exit status
CMakeFiles/cmTC_132d1.dir/build.make:97: recipe for target 'cmTC_132d1' failed
make[1]: *** [cmTC_132d1] Error 1
make[1]: Leaving directory '/home/aryanap/moveit_ws/build/moveit_robot_arm_sim/CMakeFiles/CMakeTmp'
Makefile:126: recipe for target 'cmTC_132d1/fast' failed
make: *** [cmTC_132d1/fast] Error 2

File /home/aryanap/moveit_ws/build/moveit_robot_arm_sim/CMakeFiles/CMakeTmp/CheckSymbolExists.c:
/* */
#include <pthread.h>

int main(int argc, char** argv)
{
  (void)argv;
#ifndef pthread_create
  return ((int*)(&pthread_create))[argc];
#else
  (void)argc;
  return 0;
#endif
}

Determining if the function pthread_create exists in the pthreads failed with the following output:
Change Dir: /home/aryanap/moveit_ws/build/moveit_robot_arm_sim/CMakeFiles/CMakeTmp

Run Build Command:"/usr/bin/make" "cmTC_3bb25/fast"
/usr/bin/make -f CMakeFiles/cmTC_3bb25.dir/build.make CMakeFiles/cmTC_3bb25.dir/build
make[1]: Entering directory '/home/aryanap/moveit_ws/build/moveit_robot_arm_sim/CMakeFiles/CMakeTmp'
Building C object CMakeFiles/cmTC_3bb25.dir/CheckFunctionExists.c.o
/usr/bin/cc   -DCHECK_FUNCTION_EXISTS=pthread_create   -o CMakeFiles/cmTC_3bb25.dir/CheckFunctionExists.c.o   -c /usr/share/cmake-3.10/Modules/CheckFunctionExists.c
Linking C executable cmTC_3bb25
/usr/bin/cmake -E cmake_link_script CMakeFiles/cmTC_3bb25.dir/link.txt --verbose=1
/usr/bin/cc  -DCHECK_FUNCTION_EXISTS=pthread_create    -rdynamic CMakeFiles/cmTC_3bb25.dir/CheckFunctionExists.c.o  -o cmTC_3bb25 -lpthreads 
/usr/bin/ld: cannot find -lpthreads
collect2: error: ld returned 1 exit status
CMakeFiles/cmTC_3bb25.dir/build.make:97: recipe for target 'cmTC_3bb25' failed
make[1]: *** [cmTC_3bb25] Error 1
make[1]: Leaving directory '/home/aryanap/moveit_ws/build/moveit_robot_arm_sim/CMakeFiles/CMakeTmp'
Makefile:126: recipe for target 'cmTC_3bb25/fast' failed
make: *** [cmTC_3bb25/fast] Error 2


